----------------------------------------



iGNSS Plus Change log
Built on 2017/05/31
----------------------------------------
2019/01/15
- 修正Doze问题，添加Doze白名单功能
- 注释GNSS中的OnResume & OnPause重写
- 数据采集模块最小限制更改为0.005s(5ms)，声音处理模块降低buffer size= interval/1.0 * audioSampleRate
- 其他修正，如：时间戳更改为天内毫秒（milli-second）



----------------------------------------
2018/12/15
- 修正.getBestProvider()返回值部分手机（华为）无法识别的问题
- 代码做了一些调整

----------------------------------------
2018/09/03
- Update to android 9.0 sdk
- 修正一些小错误>_>，新浪博客更新不及时造成用户数据没有及时更新，导致空指针FC
- Oreo 卡顿（部分32位老机型，OnePlus One）问题仍未修复


----------------------------------------
2018/09/03
- Android Oreo 卡顿原因 log
Background concurrent copying GC freed 20300(1135KB) AllocSpace objects, 
42(2MB) LOS objects, 50% free, 3MB/7MB, paused 101us total 193.160ms
Background concurrent copying GC freed 29514(1674KB) AllocSpace objects, 
62(3MB) LOS objects, 49% free, 5MB/11MB, paused 635us total 134.561ms
As https://stackoverflow.com/questions/42381474/background-sticky-concurrent-mark-sweep-gc-freed?rq=1 mention
there is no problem in your application, so it isn's a bug. When you use it
on android Oreo, the GC frozen UI issue coming more frequent. Perhaps, this
issue could be fixed in next version.

----------------------------------------
2018/08/30
- 八月份更新，修改IO策略，改为15s写入一次（目测还有问题）
- 将文件操作代码封装
- 修正内测人员的在无网络进入APP时需要重复登陆Bug



----------------------------------------
2018/05/23
- 修正发邮件的554错误
- 修正并更改NMEA模块，打开log采集限制，无游客限制


----------------------------------------
2018/05/20

- 修正NMEA模块
- 添加内测跳过验证代码，方便内测人员直接使用APP
PS.所有功能至此基本完善，下一个版本是适配Android8.1版本及更高

----------------------------------------
2018/01/08

- 添加NMEA的全部录制功能，以便导出所有的电文





2017/12/18


- 修复新建文件时标题行没有写入



2017/12/08

- 取次大值为采样率，减轻麦克风的负担




2017/12/07

- 修正语言适配FC，补齐values默认语言文件夹strings、arrays
- 修正短信界面的总显示中文“联系人”
- 





2017/12/02

- 修正声音最大采样率频繁获取造成的FC
- 重新更改了APP图标为分子环绕结构，更加明了
- 完成了所有的界面的EN版的适配



2017/11/09
- 修正卫星星空图收缩现象（遵从先计算后绘图的准则）
- 修正声音模块（使用中值计算）、传感器
- 更换图标
- 一些其他的修正
- 开始适配英文界面


-----------
2017/09/04
-output 函数的简化
-WakeLock 移至公共类
-Audio监听移至urss类


------------
2017/07/19

. set the background activity number limitation to 3(default is 1)

------------
2017/07/12
. 建议数据记录文件加入手机型号、系统版本等设备信息
. 开发者将姓名隐去，仅保留联系邮箱

------------
2017/07/11
. 修正06日志
. WIFI链接后无更新状态


------------
2017/07/06
. 声音的更新，导致传感器（磁场）出现UI滞留现象


------------
2017/06/30
. 手机方向传感器（orientation）的再次核实




------------


2017/06/29
. 修正04日错误
. 添加采样完成震动
. 时间对齐
. null(未选择),与空(选择但无值)

-------------

2017/06/04
. wifi总数计算错误（导致数据组+1）
. 测试联通卡HSPA基站个数错误

--------------
2017/05/30
.采样更新频率整秒更新（%1），当采样间隔小于1s时按1s更新，大于1s时按整秒更新
